# JRE version: Java(TM) SE Runtime Environment (8.0_181-b13) (build 1.8.0_181-b13)
# Java VM: Java HotSpot(TM) 64-Bit Server VM (25.181-b13 mixed mode windows-amd64 compressed oops)
Heap:
 PSYoungGen      total 538112K, used 192168K [0x000000076b580000, 0x0000000795100000, 0x00000007c0000000)
  eden space 519680K, 36% used [0x000000076b580000,0x000000077712a388,0x000000078b100000)
  from space 18432K, 0% used [0x000000078b100000,0x000000078b100000,0x000000078c300000)
  to   space 18944K, 0% used [0x0000000793e80000,0x0000000793e80000,0x0000000795100000)
 ParOldGen       total 203264K, used 25135K [0x00000006c2000000, 0x00000006ce680000, 0x000000076b580000)
  object space 203264K, 12% used [0x00000006c2000000,0x00000006c388bcc8,0x00000006ce680000)
 Metaspace       used 63694K, capacity 67420K, committed 67624K, reserved 1107968K
  class space    used 8659K, capacity 9243K, committed 9256K, reserved 1048576K
GC Heap History (10 events):
Event: 10.669 GC heap before
{Heap before GC invocations=8 (full 1):
 PSYoungGen      total 352256K, used 67719K [0x000000076b580000, 0x0000000785600000, 0x00000007c0000000)
  eden space 341504K, 17% used [0x000000076b580000,0x000000076eec1030,0x0000000780300000)
  from space 10752K, 84% used [0x0000000780e00000,0x00000007816e0ce0,0x0000000781880000)
  to   space 11264K, 0% used [0x0000000780300000,0x0000000780300000,0x0000000780e00000)
 ParOldGen       total 91136K, used 5443K [0x00000006c2000000, 0x00000006c7900000, 0x000000076b580000)
  object space 91136K, 5% used [0x00000006c2000000,0x00000006c2550d38,0x00000006c7900000)
 Metaspace       used 33667K, capacity 35460K, committed 35496K, reserved 1079296K
  class space    used 4414K, capacity 4741K, committed 4776K, reserved 1048576K
Event: 10.687 GC heap after
Heap after GC invocations=8 (full 1):
 PSYoungGen      total 352768K, used 10566K [0x000000076b580000, 0x000000078d500000, 0x00000007c0000000)
  eden space 341504K, 0% used [0x000000076b580000,0x000000076b580000,0x0000000780300000)
  from space 11264K, 93% used [0x0000000780300000,0x0000000780d51b48,0x0000000780e00000)
  to   space 12288K, 0% used [0x000000078c900000,0x000000078c900000,0x000000078d500000)
 ParOldGen       total 91136K, used 5451K [0x00000006c2000000, 0x00000006c7900000, 0x000000076b580000)
  object space 91136K, 5% used [0x00000006c2000000,0x00000006c2552d38,0x00000006c7900000)
 Metaspace       used 33667K, capacity 35460K, committed 35496K, reserved 1079296K
  class space    used 4414K, capacity 4741K, committed 4776K, reserved 1048576K
}
Event: 10.687 GC heap before
{Heap before GC invocations=9 (full 2):
 PSYoungGen      total 352768K, used 10566K [0x000000076b580000, 0x000000078d500000, 0x00000007c0000000)
  eden space 341504K, 0% used [0x000000076b580000,0x000000076b580000,0x0000000780300000)
  from space 11264K, 93% used [0x0000000780300000,0x0000000780d51b48,0x0000000780e00000)
  to   space 12288K, 0% used [0x000000078c900000,0x000000078c900000,0x000000078d500000)
 ParOldGen       total 91136K, used 5451K [0x00000006c2000000, 0x00000006c7900000, 0x000000076b580000)
  object space 91136K, 5% used [0x00000006c2000000,0x00000006c2552d38,0x00000006c7900000)
 Metaspace       used 33667K, capacity 35460K, committed 35496K, reserved 1079296K
  class space    used 4414K, capacity 4741K, committed 4776K, reserved 1048576K
Event: 10.810 GC heap after
Heap after GC invocations=9 (full 2):
 PSYoungGen      total 352768K, used 0K [0x000000076b580000, 0x000000078d500000, 0x00000007c0000000)
  eden space 341504K, 0% used [0x000000076b580000,0x000000076b580000,0x0000000780300000)
  from space 11264K, 0% used [0x0000000780300000,0x0000000780300000,0x0000000780e00000)
  to   space 12288K, 0% used [0x000000078c900000,0x000000078c900000,0x000000078d500000)
 ParOldGen       total 143872K, used 14467K [0x00000006c2000000, 0x00000006cac80000, 0x000000076b580000)
  object space 143872K, 10% used [0x00000006c2000000,0x00000006c2e20c60,0x00000006cac80000)
 Metaspace       used 33667K, capacity 35460K, committed 35496K, reserved 1079296K
  class space    used 4414K, capacity 4741K, committed 4776K, reserved 1048576K
}
Event: 17.595 GC heap before
{Heap before GC invocations=10 (full 2):
 PSYoungGen      total 352768K, used 341504K [0x000000076b580000, 0x000000078d500000, 0x00000007c0000000)
  eden space 341504K, 100% used [0x000000076b580000,0x0000000780300000,0x0000000780300000)
  from space 11264K, 0% used [0x0000000780300000,0x0000000780300000,0x0000000780e00000)
  to   space 12288K, 0% used [0x000000078c900000,0x000000078c900000,0x000000078d500000)
 ParOldGen       total 143872K, used 14467K [0x00000006c2000000, 0x00000006cac80000, 0x000000076b580000)
  object space 143872K, 10% used [0x00000006c2000000,0x00000006c2e20c60,0x00000006cac80000)
 Metaspace       used 54420K, capacity 57072K, committed 57128K, reserved 1097728K
  class space    used 7485K, capacity 7947K, committed 7976K, reserved 1048576K
Event: 17.620 GC heap after
Heap after GC invocations=10 (full 2):
 PSYoungGen      total 505856K, used 12272K [0x000000076b580000, 0x000000078d500000, 0x00000007c0000000)
  eden space 493568K, 0% used [0x000000076b580000,0x000000076b580000,0x0000000789780000)
  from space 12288K, 99% used [0x000000078c900000,0x000000078d4fc2a0,0x000000078d500000)
  to   space 18432K, 0% used [0x000000078b100000,0x000000078b100000,0x000000078c300000)
 ParOldGen       total 143872K, used 26404K [0x00000006c2000000, 0x00000006cac80000, 0x000000076b580000)
  object space 143872K, 18% used [0x00000006c2000000,0x00000006c39c9008,0x00000006cac80000)
 Metaspace       used 54420K, capacity 57072K, committed 57128K, reserved 1097728K
  class space    used 7485K, capacity 7947K, committed 7976K, reserved 1048576K
}
Event: 18.274 GC heap before
{Heap before GC invocations=11 (full 2):
 PSYoungGen      total 505856K, used 87435K [0x000000076b580000, 0x000000078d500000, 0x00000007c0000000)
  eden space 493568K, 15% used [0x000000076b580000,0x000000076fee6bf0,0x0000000789780000)
  from space 12288K, 99% used [0x000000078c900000,0x000000078d4fc2a0,0x000000078d500000)
  to   space 18432K, 0% used [0x000000078b100000,0x000000078b100000,0x000000078c300000)
 ParOldGen       total 143872K, used 26404K [0x00000006c2000000, 0x00000006cac80000, 0x000000076b580000)
  object space 143872K, 18% used [0x00000006c2000000,0x00000006c39c9008,0x00000006cac80000)
 Metaspace       used 55998K, capacity 59000K, committed 59160K, reserved 1099776K
  class space    used 7738K, capacity 8243K, committed 8360K, reserved 1048576K
Event: 18.292 GC heap after
Heap after GC invocations=11 (full 2):
 PSYoungGen      total 538112K, used 13260K [0x000000076b580000, 0x0000000795100000, 0x00000007c0000000)
  eden space 519680K, 0% used [0x000000076b580000,0x000000076b580000,0x000000078b100000)
  from space 18432K, 71% used [0x000000078b100000,0x000000078bdf3008,0x000000078c300000)
  to   space 18944K, 0% used [0x0000000793e80000,0x0000000793e80000,0x0000000795100000)
 ParOldGen       total 143872K, used 26412K [0x00000006c2000000, 0x00000006cac80000, 0x000000076b580000)
  object space 143872K, 18% used [0x00000006c2000000,0x00000006c39cb008,0x00000006cac80000)
 Metaspace       used 55998K, capacity 59000K, committed 59160K, reserved 1099776K
  class space    used 7738K, capacity 8243K, committed 8360K, reserved 1048576K
}
Event: 18.292 GC heap before
{Heap before GC invocations=12 (full 3):
 PSYoungGen      total 538112K, used 13260K [0x000000076b580000, 0x0000000795100000, 0x00000007c0000000)
  eden space 519680K, 0% used [0x000000076b580000,0x000000076b580000,0x000000078b100000)
  from space 18432K, 71% used [0x000000078b100000,0x000000078bdf3008,0x000000078c300000)
  to   space 18944K, 0% used [0x0000000793e80000,0x0000000793e80000,0x0000000795100000)
 ParOldGen       total 143872K, used 26412K [0x00000006c2000000, 0x00000006cac80000, 0x000000076b580000)
  object space 143872K, 18% used [0x00000006c2000000,0x00000006c39cb008,0x00000006cac80000)
 Metaspace       used 55998K, capacity 59000K, committed 59160K, reserved 1099776K
  class space    used 7738K, capacity 8243K, committed 8360K, reserved 1048576K
Event: 18.499 GC heap after
Heap after GC invocations=12 (full 3):
 PSYoungGen      total 538112K, used 0K [0x000000076b580000, 0x0000000795100000, 0x00000007c0000000)
  eden space 519680K, 0% used [0x000000076b580000,0x000000076b580000,0x000000078b100000)
  from space 18432K, 0% used [0x000000078b100000,0x000000078b100000,0x000000078c300000)
  to   space 18944K, 0% used [0x0000000793e80000,0x0000000793e80000,0x0000000795100000)
 ParOldGen       total 203264K, used 25135K [0x00000006c2000000, 0x00000006ce680000, 0x000000076b580000)
  object space 203264K, 12% used [0x00000006c2000000,0x00000006c388bcc8,0x00000006ce680000)
 Metaspace       used 55998K, capacity 59000K, committed 59160K, reserved 1099776K
  class space    used 7738K, capacity 8243K, committed 8360K, reserved 1048576K
}

